<?xml version="1.0" encoding="UTF-8"?>
<testsuite xmlns:xsi="http://www.w3.org/2001/XMLSchema-instance" xsi:noNamespaceSchemaLocation="https://maven.apache.org/surefire/maven-surefire-plugin/xsd/surefire-test-report-3.0.xsd" version="3.0" name="exagonsoft.drones.service.AuditLogServiceTest" time="13.499" tests="3" errors="0" skipped="0" failures="0">
  <properties>
[...]
</properties>
  <testcase name="testListAllAuditLogsForDrone" classname="exagonsoft.drones.service.AuditLogServiceTest" time="0.078"/>
  <testcase name="testListAllAuditLogs" classname="exagonsoft.drones.service.AuditLogServiceTest" time="0.107"/>
  <testcase name="testCreateAuditLog" classname="exagonsoft.drones.service.AuditLogServiceTest" time="0.024"/>
</testsuite>